{
  "stats": {
    "suites": 4,
    "tests": 4,
    "passes": 4,
    "pending": 0,
    "failures": 0,
    "start": "2025-10-15T21:57:39.748Z",
    "end": "2025-10-15T21:57:40.586Z",
    "duration": 838,
    "testsRegistered": 4,
    "passPercent": 100,
    "pendingPercent": 0,
    "other": 0,
    "hasOther": false,
    "skipped": 0,
    "hasSkipped": false
  },
  "results": [
    {
      "uuid": "a87c1829-038d-485a-9b9f-fa1e12cddb6a",
      "title": "",
      "fullFile": "",
      "file": "",
      "beforeHooks": [],
      "afterHooks": [],
      "tests": [],
      "suites": [
        {
          "uuid": "20023576-1e9e-4e04-80bd-94044a016a53",
          "title": "Delete User",
          "fullFile": "D:\\Bootcamp QA\\API Automation\\testing\\deleteUsers.js",
          "file": "\\testing\\deleteUsers.js",
          "beforeHooks": [],
          "afterHooks": [],
          "tests": [
            {
              "title": "should delete a user",
              "fullTitle": "Delete User should delete a user",
              "timedOut": false,
              "duration": 374,
              "state": "passed",
              "speed": "slow",
              "pass": true,
              "fail": false,
              "pending": false,
              "context": null,
              "code": "const response = await fetch(\"https://reqres.in/api/users/2\", {\n    method: \"DELETE\",\n    headers: {\n        \"x-api-key\": \"reqres-free-v1\",\n        \"Content-Type\": \"application/json\",\n    },\n});\n\nexpect(response.status).to.equal(204);",
              "err": {},
              "uuid": "8cbcba8c-9200-4c1e-afc0-5333d32ef926",
              "parentUUID": "20023576-1e9e-4e04-80bd-94044a016a53",
              "isHook": false,
              "skipped": false
            }
          ],
          "suites": [],
          "passes": [
            "8cbcba8c-9200-4c1e-afc0-5333d32ef926"
          ],
          "failures": [],
          "pending": [],
          "skipped": [],
          "duration": 374,
          "root": false,
          "rootEmpty": false,
          "_timeout": 2000
        },
        {
          "uuid": "153d361e-48bf-489d-9ef0-b0d7c2b52ba7",
          "title": "Get List Users",
          "fullFile": "D:\\Bootcamp QA\\API Automation\\testing\\getUsers.js",
          "file": "\\testing\\getUsers.js",
          "beforeHooks": [],
          "afterHooks": [],
          "tests": [
            {
              "title": "display the list of users",
              "fullTitle": "Get List Users display the list of users",
              "timedOut": false,
              "duration": 44,
              "state": "passed",
              "speed": "medium",
              "pass": true,
              "fail": false,
              "pending": false,
              "context": null,
              "code": "const response = await fetch(\"https://reqres.in/api/users?page=2\", {\n    method: \"GET\",\n    headers: {\n        \"x-api-key\": \"reqres-free-v1\",\n        \"Content-Type\": \"application/json\",\n    },\n});\nconst data = await response.json();\nconsole.log(data);\nexpect(response.status).to.equal(200);",
              "err": {},
              "uuid": "6a6d0f2a-fce8-4e55-8560-c422f9dd68de",
              "parentUUID": "153d361e-48bf-489d-9ef0-b0d7c2b52ba7",
              "isHook": false,
              "skipped": false
            }
          ],
          "suites": [],
          "passes": [
            "6a6d0f2a-fce8-4e55-8560-c422f9dd68de"
          ],
          "failures": [],
          "pending": [],
          "skipped": [],
          "duration": 44,
          "root": false,
          "rootEmpty": false,
          "_timeout": 2000
        },
        {
          "uuid": "dd36b7a4-a032-4c94-846d-18c5b48be7a6",
          "title": "Update User",
          "fullFile": "D:\\Bootcamp QA\\API Automation\\testing\\patchUpdate_user.js",
          "file": "\\testing\\patchUpdate_user.js",
          "beforeHooks": [],
          "afterHooks": [],
          "tests": [
            {
              "title": "should update the user",
              "fullTitle": "Update User should update the user",
              "timedOut": false,
              "duration": 212,
              "state": "passed",
              "speed": "slow",
              "pass": true,
              "fail": false,
              "pending": false,
              "context": null,
              "code": "const response = await fetch(\"https://reqres.in/api/users/2\", {\n    method: \"PATCH\",\n    headers: {\n        \"x-api-key\": \"reqres-free-v1\",\n        \"Content-Type\": \"application/json\",\n    },\n    body: JSON.stringify({\n        name: \"morpheus\",\n        job: \"zion resident\",\n    }),\n});\nconst data = await response.json();\nconsole.log(data);\nexpect(response.status).to.equal(200);\nexpect(data.name).to.include(\"morpheus\");\nexpect(data.job).to.include(\"zion resident\");",
              "err": {},
              "uuid": "ba08fb8d-0277-401f-a75d-cb0f463a23ec",
              "parentUUID": "dd36b7a4-a032-4c94-846d-18c5b48be7a6",
              "isHook": false,
              "skipped": false
            }
          ],
          "suites": [],
          "passes": [
            "ba08fb8d-0277-401f-a75d-cb0f463a23ec"
          ],
          "failures": [],
          "pending": [],
          "skipped": [],
          "duration": 212,
          "root": false,
          "rootEmpty": false,
          "_timeout": 2000
        },
        {
          "uuid": "f3f51df0-5ec3-40c4-b085-3e981e2d4145",
          "title": "Create User",
          "fullFile": "D:\\Bootcamp QA\\API Automation\\testing\\postUser.js",
          "file": "\\testing\\postUser.js",
          "beforeHooks": [],
          "afterHooks": [],
          "tests": [
            {
              "title": "Should create a new user",
              "fullTitle": "Create User Should create a new user",
              "timedOut": false,
              "duration": 202,
              "state": "passed",
              "speed": "slow",
              "pass": true,
              "fail": false,
              "pending": false,
              "context": null,
              "code": "const response = await fetch(\"https://reqres.in/api/users\", {\n    method: \"POST\",\n    headers: {\n        \"x-api-key\": \"reqres-free-v1\",\n        \"Content-Type\": \"application/json\",\n    },\n    body: JSON.stringify({\n        name: \"morpheus\",\n        job: \"leader\",\n    }),\n});\nconst data = await response.json();\nconsole.log(data);\nexpect(response.status).to.equal(201);\nexpect(data.name).to.include(\"morpheus\");\nexpect(data.job).to.include(\"leader\");",
              "err": {},
              "uuid": "59c1a155-33fc-4de0-b3d5-915739826375",
              "parentUUID": "f3f51df0-5ec3-40c4-b085-3e981e2d4145",
              "isHook": false,
              "skipped": false
            }
          ],
          "suites": [],
          "passes": [
            "59c1a155-33fc-4de0-b3d5-915739826375"
          ],
          "failures": [],
          "pending": [],
          "skipped": [],
          "duration": 202,
          "root": false,
          "rootEmpty": false,
          "_timeout": 2000
        }
      ],
      "passes": [],
      "failures": [],
      "pending": [],
      "skipped": [],
      "duration": 0,
      "root": true,
      "rootEmpty": true,
      "_timeout": 2000
    }
  ],
  "meta": {
    "mocha": {
      "version": "11.7.4"
    },
    "mochawesome": {
      "options": {
        "quiet": false,
        "reportFilename": "mochawesome",
        "saveHtml": true,
        "saveJson": true,
        "consoleReporter": "spec",
        "useInlineDiffs": false,
        "code": true
      },
      "version": "7.1.4"
    },
    "marge": {
      "options": null,
      "version": "6.3.0"
    }
  }
}